<?xml version="1.0" encoding="utf-8"?><testsuites><testsuite name="pytest" errors="0" failures="0" skipped="0" tests="3" time="25.187" timestamp="2022-08-22T12:38:54.219140" hostname="LAPTOP-FN76G0OP"><testcase classname="test_HomePage.TestHomePage" name="test_formSubmission[getData0]" time="9.562" /><testcase classname="test_HomePage.TestHomePage" name="test_formSubmission[getData1]" time="1.537" /><testcase classname="test_end2end.TestOne" name="test_end2end" time="13.187" /></testsuite></testsuites>